### ISSUE TITLE
Segmentation fault in gf_list_last ()

### ISSUE THREAD

**Issue by HaN4Le** [gpac/gpac#2019]
Thanks for reporting your issue. Please make sure these boxes are checked before submitting your issue - thank you!

- [x] I looked for a similar issue and couldn't find any.
- [x] I tried with the latest version of GPAC. Installers available at http://gpac.io/downloads/gpac-nightly-builds/
- [x] I give enough information for contributors to reproduce my issue (meaningful title, github labels, platform and compiler, command-line ...). I can share files anonymously with this dropbox: https://www.mediafire.com/filedrop/filedrop_hosted.php?drop=eec9e058a9486fe4e99c33021481d9e1826ca9dbc242a6cfaab0fe95da5e5d95

Detailed guidelines: http://gpac.io/2013/07/16/how-to-file-a-bug-properly/

Version:
```shell
 /home/hankle/Testing/gpac/bin/gcc/MP4Box -version                                                                    
MP4Box - GPAC version 1.1.0-DEV-rev1574-g8b22f0912-master
(c) 2000-2021 Telecom Paris distributed under LGPL v2.1+ - http://gpac.io

Please cite our work in your research:
        GPAC Filters: https://doi.org/10.1145/3339825.3394929
        GPAC: https://doi.org/10.1145/1291233.1291452

GPAC Configuration: -g --static-mp4box --prefix=/home/hankle/Testing/source/gpac/cmakebuild
Features: GPAC_CONFIG_LINUX GPAC_64_BITS GPAC_HAS_IPV6 GPAC_HAS_SSL GPAC_HAS_SOCK_UN GPAC_MINIMAL_ODF GPAC_HAS_QJS GPAC_HAS_JPEG GPAC_HAS_PNG GPAC_HAS_LINUX_DVB  
```

command:
```shell
/home/hankle/Testing/gpac/bin/gcc/MP4Box -disox -ttxt -2 -dump-chap-ogg -dump-cover -drtp -bt -out /dev/null poc
[iso file] extra box maxr found in hinf, deleting
[iso file] extra box maxr found in hinf, deleting
[iso file] Unknown box type 80rak in parent moov
[iso file] Incomplete box mdat - start 11495 size 853069
[iso file] Incomplete file while reading for dump - aborting parsing
[iso file] extra box maxr found in hinf, deleting
[iso file] extra box maxr found in hinf, deleting
[iso file] Unknown box type 80rak in parent moov
[iso file] Incomplete box mdat - start 11495 size 853069
[iso file] Incomplete file while reading for dump - aborting parsing
MPEG-4 LASeR Scene Parsing
[LASeR] samepolyXXX coded in bitstream but no polyXXX defined !
[LASeR] sametext coded in bitstream but no text defined !
[LASeR] samepolyXXX coded in bitstream but no polyXXX defined !
[LASeR] sameline coded in bitstream but no line defined !
[LASeR] sameline coded in bitstream but no line defined !
[LASeR] sameline coded in bitstream but no line defined !
[LASeR] samepolyXXX coded in bitstream but no polyXXX defined !
[2]    489037 segmentation fault  /home/hankle/Testing/gpac/bin/gcc/MP4Box -disox -ttxt -2  -dump-cove
```
[poc.zip](https://github.com/gpac/gpac/files/7792125/poc.zip)

bt
```shell
gdb-peda$ r -bt poc
Starting program: /home/hankle/Testing/gpac/bin/gcc/MP4Box -bt poc
[Thread debugging using libthread_db enabled]
Using host libthread_db library "/lib/x86_64-linux-gnu/libthread_db.so.1".
[iso file] extra box maxr found in hinf, deleting
[iso file] extra box maxr found in hinf, deleting
[iso file] Unknown box type 80rak in parent moov
[iso file] Incomplete box mdat - start 11495 size 853069
[iso file] Incomplete file while reading for dump - aborting parsing
[iso file] extra box maxr found in hinf, deleting
[iso file] extra box maxr found in hinf, deleting
[iso file] Unknown box type 80rak in parent moov
[iso file] Incomplete box mdat - start 11495 size 853069
[iso file] Incomplete file while reading for dump - aborting parsing
MPEG-4 LASeR Scene Parsing
[LASeR] samepolyXXX coded in bitstream but no polyXXX defined !
[LASeR] sametext coded in bitstream but no text defined !
[LASeR] samepolyXXX coded in bitstream but no polyXXX defined !
[LASeR] sameline coded in bitstream but no line defined !
[LASeR] sameline coded in bitstream but no line defined !
[LASeR] sameline coded in bitstream but no line defined !
[LASeR] samepolyXXX coded in bitstream but no polyXXX defined !

Program received signal SIGSEGV, Segmentation fault.
[----------------------------------registers-----------------------------------]
RAX: 0x46ffdf6200000000 
RBX: 0x5555556175b0 --> 0x49 ('I')
RCX: 0x5 
RDX: 0xc67e7b9b 
RSI: 0x5555556175d0 --> 0x5555556175f0 --> 0x555555617610 --> 0x555555617630 --> 0x555555617650 --> 0x0 
RDI: 0x5555556181a0 --> 0x46ffdf6200000000 
RBP: 0x5555556181a0 --> 0x46ffdf6200000000 
RSP: 0x7fffffff5508 --> 0x7ffff7773e58 (<gf_list_pop_back+24>:  mov    rdi,rbp)
RIP: 0x7ffff77739a6 (<gf_list_last+22>: mov    rax,QWORD PTR [rax+rdx*8])
R8 : 0x4 
R9 : 0x0 
R10: 0x7ffff76d45cc ("gf_list_pop_back")
R11: 0x7ffff7773e40 (<gf_list_pop_back>:        endbr64)
R12: 0x5555556175d0 --> 0x5555556175f0 --> 0x555555617610 --> 0x555555617630 --> 0x555555617650 --> 0x0 
R13: 0x555555616f50 --> 0x555555616f70 --> 0x300000409 
R14: 0x5555556173d0 --> 0x49 ('I')
R15: 0x40b
EFLAGS: 0x10286 (carry PARITY adjust zero SIGN trap INTERRUPT direction overflow)
[-------------------------------------code-------------------------------------]
   0x7ffff777399e <gf_list_last+14>:    je     0x7ffff77739b0 <gf_list_last+32>
   0x7ffff77739a0 <gf_list_last+16>:    lea    edx,[rax-0x1]
   0x7ffff77739a3 <gf_list_last+19>:    mov    rax,QWORD PTR [rdi]
=> 0x7ffff77739a6 <gf_list_last+22>:    mov    rax,QWORD PTR [rax+rdx*8]
   0x7ffff77739aa <gf_list_last+26>:    ret    
   0x7ffff77739ab <gf_list_last+27>:    nop    DWORD PTR [rax+rax*1+0x0]
   0x7ffff77739b0 <gf_list_last+32>:    xor    eax,eax
   0x7ffff77739b2 <gf_list_last+34>:    ret
[------------------------------------stack-------------------------------------]
0000| 0x7fffffff5508 --> 0x7ffff7773e58 (<gf_list_pop_back+24>: mov    rdi,rbp)
0008| 0x7fffffff5510 --> 0x5555556175b0 --> 0x49 ('I')
0016| 0x7fffffff5518 --> 0x5555556181a0 --> 0x46ffdf6200000000 
0024| 0x7fffffff5520 --> 0x5555556175d0 --> 0x5555556175f0 --> 0x555555617610 --> 0x555555617630 --> 0x555555617650 (--> ...)
0032| 0x7fffffff5528 --> 0x7ffff7b26695 (<lsr_translate_anim_value+677>:        mov    rdi,rax)
0040| 0x7fffffff5530 --> 0x555555618130 --> 0x0 
0048| 0x7fffffff5538 --> 0x7fffffff55a0 --> 0x3400000072 ('r')
0056| 0x7fffffff5540 --> 0x5555556172a0 --> 0x5555556172e0 --> 0x30000040b 
[------------------------------------------------------------------------------]
Legend: code, data, rodata, value
Stopped reason: SIGSEGV
0x00007ffff77739a6 in gf_list_last () from /home/hankle/Testing/gpac/bin/gcc/libgpac.so.10
gdb-peda$ bt
#0  0x00007ffff77739a6 in gf_list_last () from /home/hankle/Testing/gpac/bin/gcc/libgpac.so.10
#1  0x00007ffff7773e58 in gf_list_pop_back () from /home/hankle/Testing/gpac/bin/gcc/libgpac.so.10
#2  0x00007ffff7b26695 in lsr_translate_anim_value () from /home/hankle/Testing/gpac/bin/gcc/libgpac.so.10
#3  0x00007ffff7b26b3d in lsr_setup_smil_anim () from /home/hankle/Testing/gpac/bin/gcc/libgpac.so.10
#4  0x00007ffff7b33b04 in lsr_read_animate () from /home/hankle/Testing/gpac/bin/gcc/libgpac.so.10
#5  0x00007ffff7b32290 in lsr_read_scene_content_model () from /home/hankle/Testing/gpac/bin/gcc/libgpac.so.10
#6  0x00007ffff7b32c14 in lsr_read_group_content.part () from /home/hankle/Testing/gpac/bin/gcc/libgpac.so.10
#7  0x00007ffff7b3382f in lsr_read_a () from /home/hankle/Testing/gpac/bin/gcc/libgpac.so.10
#8  0x00007ffff7b322c0 in lsr_read_scene_content_model () from /home/hankle/Testing/gpac/bin/gcc/libgpac.so.10
#9  0x00007ffff7b32c14 in lsr_read_group_content.part () from /home/hankle/Testing/gpac/bin/gcc/libgpac.so.10
#10 0x00007ffff7b34ddb in lsr_read_polygon () from /home/hankle/Testing/gpac/bin/gcc/libgpac.so.10
#11 0x00007ffff7b31fca in lsr_read_scene_content_model () from /home/hankle/Testing/gpac/bin/gcc/libgpac.so.10
#12 0x00007ffff7b32c14 in lsr_read_group_content.part () from /home/hankle/Testing/gpac/bin/gcc/libgpac.so.10
#13 0x00007ffff7b34881 in lsr_read_line () from /home/hankle/Testing/gpac/bin/gcc/libgpac.so.10
#14 0x00007ffff7b3208d in lsr_read_scene_content_model () from /home/hankle/Testing/gpac/bin/gcc/libgpac.so.10
#15 0x00007ffff7b32c14 in lsr_read_group_content.part () from /home/hankle/Testing/gpac/bin/gcc/libgpac.so.10
#16 0x00007ffff7b34116 in lsr_read_audio.isra () from /home/hankle/Testing/gpac/bin/gcc/libgpac.so.10
#17 0x00007ffff7b32248 in lsr_read_scene_content_model () from /home/hankle/Testing/gpac/bin/gcc/libgpac.so.10
#18 0x00007ffff7b32462 in lsr_read_group_content_post_init.part () from /home/hankle/Testing/gpac/bin/gcc/libgpac.so.10
#19 0x00007ffff7b33b66 in lsr_read_animate () from /home/hankle/Testing/gpac/bin/gcc/libgpac.so.10
#20 0x00007ffff7b322ad in lsr_read_scene_content_model () from /home/hankle/Testing/gpac/bin/gcc/libgpac.so.10
#21 0x00007ffff7b32c14 in lsr_read_group_content.part () from /home/hankle/Testing/gpac/bin/gcc/libgpac.so.10
#22 0x00007ffff7b31e65 in lsr_read_scene_content_model () from /home/hankle/Testing/gpac/bin/gcc/libgpac.so.10
#23 0x00007ffff7b32c14 in lsr_read_group_content.part () from /home/hankle/Testing/gpac/bin/gcc/libgpac.so.10
#24 0x00007ffff7b332c8 in lsr_read_simpleLayout () from /home/hankle/Testing/gpac/bin/gcc/libgpac.so.10
#25 0x00007ffff7b31cf8 in lsr_read_scene_content_model () from /home/hankle/Testing/gpac/bin/gcc/libgpac.so.10
#26 0x00007ffff7b32c14 in lsr_read_group_content.part () from /home/hankle/Testing/gpac/bin/gcc/libgpac.so.10
#27 0x00007ffff7b3382f in lsr_read_a () from /home/hankle/Testing/gpac/bin/gcc/libgpac.so.10
#28 0x00007ffff7b322c0 in lsr_read_scene_content_model () from /home/hankle/Testing/gpac/bin/gcc/libgpac.so.10
#29 0x00007ffff7b32c14 in lsr_read_group_content.part () from /home/hankle/Testing/gpac/bin/gcc/libgpac.so.10
#30 0x00007ffff7b36cc3 in lsr_read_svg () from /home/hankle/Testing/gpac/bin/gcc/libgpac.so.10
#31 0x00007ffff7b2e8f7 in lsr_read_command_list () from /home/hankle/Testing/gpac/bin/gcc/libgpac.so.10
#32 0x00007ffff7b31b44 in lsr_read_conditional () from /home/hankle/Testing/gpac/bin/gcc/libgpac.so.10
#33 0x00007ffff7b31db8 in lsr_read_scene_content_model () from /home/hankle/Testing/gpac/bin/gcc/libgpac.so.10
#34 0x00007ffff7b32c14 in lsr_read_group_content.part () from /home/hankle/Testing/gpac/bin/gcc/libgpac.so.10
#35 0x00007ffff7b3382f in lsr_read_a () from /home/hankle/Testing/gpac/bin/gcc/libgpac.so.10
#36 0x00007ffff7b322c0 in lsr_read_scene_content_model () from /home/hankle/Testing/gpac/bin/gcc/libgpac.so.10
#37 0x00007ffff7b32c14 in lsr_read_group_content.part () from /home/hankle/Testing/gpac/bin/gcc/libgpac.so.10
#38 0x00007ffff7b33b1c in lsr_read_animate () from /home/hankle/Testing/gpac/bin/gcc/libgpac.so.10
#39 0x00007ffff7b32290 in lsr_read_scene_content_model () from /home/hankle/Testing/gpac/bin/gcc/libgpac.so.10
#40 0x00007ffff7b32c14 in lsr_read_group_content.part () from /home/hankle/Testing/gpac/bin/gcc/libgpac.so.10
#41 0x00007ffff7b34ddb in lsr_read_polygon () from /home/hankle/Testing/gpac/bin/gcc/libgpac.so.10
#42 0x00007ffff7b31fca in lsr_read_scene_content_model () from /home/hankle/Testing/gpac/bin/gcc/libgpac.so.10
#43 0x00007ffff7b32c14 in lsr_read_group_content.part () from /home/hankle/Testing/gpac/bin/gcc/libgpac.so.10
#44 0x00007ffff7b34ddb in lsr_read_polygon () from /home/hankle/Testing/gpac/bin/gcc/libgpac.so.10
#45 0x00007ffff7b3201f in lsr_read_scene_content_model () from /home/hankle/Testing/gpac/bin/gcc/libgpac.so.10
#46 0x00007ffff7b32c14 in lsr_read_group_content.part () from /home/hankle/Testing/gpac/bin/gcc/libgpac.so.10
#47 0x00007ffff7b36cc3 in lsr_read_svg () from /home/hankle/Testing/gpac/bin/gcc/libgpac.so.10
#48 0x00007ffff7b2e8f7 in lsr_read_command_list () from /home/hankle/Testing/gpac/bin/gcc/libgpac.so.10
#49 0x00007ffff7b311f9 in lsr_decode_laser_unit () from /home/hankle/Testing/gpac/bin/gcc/libgpac.so.10
#50 0x00007ffff7b3856d in gf_laser_decode_command_list () from /home/hankle/Testing/gpac/bin/gcc/libgpac.so.10
#51 0x00007ffff7a302a1 in gf_sm_load_run_isom () from /home/hankle/Testing/gpac/bin/gcc/libgpac.so.10
#52 0x00005555555854a8 in dump_isom_scene ()
#53 0x000055555557c42c in mp4boxMain ()
#54 0x00007ffff74dc0b3 in __libc_start_main (main=0x55555556d420 <main>, argc=0x3, argv=0x7fffffffe348, init=<optimized out>, fini=<optimized out>, rtld_fini=<optimized out>, stack_end=0x7fffffffe338)
    at ../csu/libc-start.c:308
#55 0x000055555556d45e in _start ()
```
