### ISSUE TITLE
Null Pointer Dereference in gf_node_get_graph () at scenegraph/base_scenegraph.c:1184

### ISSUE THREAD

**Issue by ZFeiXQ** [gpac/gpac#2032]
Thanks for reporting your issue. Please make sure these boxes are checked before submitting your issue - thank you!

- [x] I looked for a similar issue and couldn't find any.
- [x] I tried with the latest version of GPAC. Installers available at http://gpac.io/downloads/gpac-nightly-builds/
- [x] I give enough information for contributors to reproduce my issue (meaningful title, github labels, platform and compiler, command-line ...). I can share files anonymously with this dropbox: https://www.mediafire.com/filedrop/filedrop_hosted.php?drop=eec9e058a9486fe4e99c33021481d9e1826ca9dbc242a6cfaab0fe95da5e5d95

Detailed guidelines: http://gpac.io/2013/07/16/how-to-file-a-bug-properly/

**Version:**
```
./MP4Box -version

MP4Box - GPAC version 1.1.0-DEV-rev1593-g786b21cdb-master
(c) 2000-2021 Telecom Paris distributed under LGPL v2.1+ - http://gpac.io
	MINI build (encoders, decoders, audio and video output disabled)

Please cite our work in your research:
	GPAC Filters: https://doi.org/10.1145/3339825.3394929
	GPAC: https://doi.org/10.1145/1291233.1291452

GPAC Configuration: --static-mp4box --enable-debug --prefix=/home/zxq/CVE_testing/source/gpac/cmakebuild
Features: GPAC_CONFIG_LINUX GPAC_64_BITS GPAC_HAS_SOCK_UN GPAC_MINIMAL_ODF GPAC_HAS_QJS GPAC_HAS_FREETYPE GPAC_HAS_JPEG GPAC_HAS_PNG  GPAC_DISABLE_3D 


```

**command:**
```
./bin/gcc/MP4Box -svg POC1
```

[POC1.zip](https://github.com/gpac/gpac/files/7813535/POC1.zip)

**Result**
```
Segmentation fault.
```
**bt**

```
Program received signal SIGSEGV, Segmentation fault.
0x000000000047abfa in gf_node_get_graph (node=0x1100060) at scenegraph/base_scenegraph.c:1184
1184		return (node ? node->sgprivate->scenegraph : NULL);
LEGEND: STACK | HEAP | CODE | DATA | RWX | RODATA
──────────────────────────────────────────────────────────────────────────────────────────────────[ REGISTERS ]───────────────────────────────────────────────────────────────────────────────────────────────────
 RAX  0x0
 RBX  0x10eeca0 ◂— 0x0
 RCX  0x10e0210 ◂— 0x1000100000000
 RDX  0x0
 RDI  0x1100060 ◂— 0x0
 RSI  0x0
 R8   0x11001a0 ◂— 0x0
 R9   0x7c
 R10  0x10cdfa0 (main_arena+96) —▸ 0x1100230 ◂— 0x0
 R11  0x10cdfa0 (main_arena+96) —▸ 0x1100230 ◂— 0x0
 R12  0xd0bad0 (__libc_csu_fini) ◂— endbr64 
 R13  0x0
 R14  0x10a8018 (_GLOBAL_OFFSET_TABLE_+24) —▸ 0xd825d0 (__memmove_avx_unaligned_erms) ◂— endbr64 
 R15  0x0
 RBP  0x7fffffff75c0 —▸ 0x7fffffff7620 —▸ 0x7fffffff7af0 —▸ 0x7fffffff7b40 —▸ 0x7fffffff7bb0 ◂— ...
 RSP  0x7fffffff75c0 —▸ 0x7fffffff7620 —▸ 0x7fffffff7af0 —▸ 0x7fffffff7b40 —▸ 0x7fffffff7bb0 ◂— ...
 RIP  0x47abfa (gf_node_get_graph+26) ◂— mov    rax, qword ptr [rax + 8]
────────────────────────────────────────────────────────────────────────────────────────────────────[ DISASM ]────────────────────────────────────────────────────────────────────────────────────────────────────
 ► 0x47abfa <gf_node_get_graph+26>    mov    rax, qword ptr [rax + 8]
   0x47abfe <gf_node_get_graph+30>    jmp    gf_node_get_graph+37                      <gf_node_get_graph+37>
    ↓
   0x47ac05 <gf_node_get_graph+37>    pop    rbp
   0x47ac06 <gf_node_get_graph+38>    ret    
 
   0x47ac07 <gf_sg_find_node>         endbr64 
   0x47ac0b <gf_sg_find_node+4>       push   rbp
   0x47ac0c <gf_sg_find_node+5>       mov    rbp, rsp
   0x47ac0f <gf_sg_find_node+8>       mov    qword ptr [rbp - 0x18], rdi
   0x47ac13 <gf_sg_find_node+12>      mov    dword ptr [rbp - 0x1c], esi
   0x47ac16 <gf_sg_find_node+15>      mov    rax, qword ptr [rbp - 0x18]
   0x47ac1a <gf_sg_find_node+19>      mov    rax, qword ptr [rax + 8]
────────────────────────────────────────────────────────────────────────────────────────────────[ SOURCE (CODE) ]─────────────────────────────────────────────────────────────────────────────────────────────────
In file: /home/zxq/CVE_testing/source/gpac/src/scenegraph/base_scenegraph.c
   1179 
   1180 
   1181 GF_EXPORT
   1182 GF_SceneGraph *gf_node_get_graph(GF_Node *node)
   1183 {
 ► 1184 	return (node ? node->sgprivate->scenegraph : NULL);
   1185 }
   1186 
   1187 GF_EXPORT
   1188 GF_Node *gf_sg_find_node(GF_SceneGraph *sg, u32 nodeID)
   1189 {
────────────────────────────────────────────────────────────────────────────────────────────────────[ STACK ]─────────────────────────────────────────────────────────────────────────────────────────────────────
00:0000│ rbp rsp 0x7fffffff75c0 —▸ 0x7fffffff7620 —▸ 0x7fffffff7af0 —▸ 0x7fffffff7b40 —▸ 0x7fffffff7bb0 ◂— ...
01:0008│         0x7fffffff75c8 —▸ 0x56d1c0 (gf_bifs_flush_command_list+115) ◂— mov    rdx, qword ptr [rbp - 0x48]
02:0010│         0x7fffffff75d0 ◂— 0x50 /* 'P' */
03:0018│         0x7fffffff75d8 —▸ 0x10f9660 ◂— 0x0
04:0020│         0x7fffffff75e0 —▸ 0x7fffffff7600 ◂— 0xffffffffffff7620
05:0028│         0x7fffffff75e8 ◂— 0x100000001
06:0030│         0x7fffffff75f0 —▸ 0x11001a0 ◂— 0x0
07:0038│         0x7fffffff75f8 —▸ 0x11000f0 —▸ 0x1100060 ◂— 0x0
──────────────────────────────────────────────────────────────────────────────────────────────────[ BACKTRACE ]───────────────────────────────────────────────────────────────────────────────────────────────────
 ► f 0         0x47abfa gf_node_get_graph+26
   f 1         0x56d1c0 gf_bifs_flush_command_list+115
   f 2         0x55cf7e gf_bifs_dec_proto_list+1722
   f 3         0x55d8ed BD_DecSceneReplace+111
   f 4         0x56ce58 BM_SceneReplace+153
   f 5         0x56d0d9 BM_ParseCommand+216
   f 6         0x56d23f gf_bifs_flush_command_list+242
   f 7         0x55cf7e gf_bifs_dec_proto_list+1722
──────────────────────────────────────────────────────────────────────────────────────────────────────────────────────────────────────────────────────────────────────────────────────────────────────────────────
pwndbg> bt
#0  0x000000000047abfa in gf_node_get_graph (node=0x1100060) at scenegraph/base_scenegraph.c:1184
#1  0x000000000056d1c0 in gf_bifs_flush_command_list (codec=0x10f9660) at bifs/memory_decoder.c:939
#2  0x000000000055cf7e in gf_bifs_dec_proto_list (codec=0x10f9660, bs=0x10ed2e0, proto_list=0x10fe570) at bifs/com_dec.c:1146
#3  0x000000000055d8ed in BD_DecSceneReplace (codec=0x10f9660, bs=0x10ed2e0, proto_list=0x10fe570) at bifs/com_dec.c:1332
#4  0x000000000056ce58 in BM_SceneReplace (codec=0x10f9660, bs=0x10ed2e0, com_list=0x10fca60) at bifs/memory_decoder.c:860
#5  0x000000000056d0d9 in BM_ParseCommand (codec=0x10f9660, bs=0x10ed2e0, com_list=0x10fca60) at bifs/memory_decoder.c:908
#6  0x000000000056d23f in gf_bifs_flush_command_list (codec=0x10f9660) at bifs/memory_decoder.c:944
#7  0x000000000055cf7e in gf_bifs_dec_proto_list (codec=0x10f9660, bs=0x10e6c30, proto_list=0x0) at bifs/com_dec.c:1146
#8  0x000000000055cebd in gf_bifs_dec_proto_list (codec=0x10f9660, bs=0x10e6c30, proto_list=0x10fbbf0) at bifs/com_dec.c:1125
#9  0x000000000055d8ed in BD_DecSceneReplace (codec=0x10f9660, bs=0x10e6c30, proto_list=0x10fbbf0) at bifs/com_dec.c:1332
#10 0x000000000056ce58 in BM_SceneReplace (codec=0x10f9660, bs=0x10e6c30, com_list=0x10f9a20) at bifs/memory_decoder.c:860
#11 0x000000000056d0d9 in BM_ParseCommand (codec=0x10f9660, bs=0x10e6c30, com_list=0x10f9a20) at bifs/memory_decoder.c:908
#12 0x000000000056d583 in gf_bifs_decode_command_list (codec=0x10f9660, ESID=8, data=0x10f9aa0 '\314' <repeats 199 times>, <incomplete sequence \314>..., data_length=8208, com_list=0x10f9a20) at bifs/memory_decoder.c:1009
#13 0x00000000006bf30c in gf_sm_load_run_isom (load=0x7fffffff88a0) at scene_manager/loader_isom.c:303
#14 0x00000000006a327c in gf_sm_load_run (load=0x7fffffff88a0) at scene_manager/scene_manager.c:719
#15 0x0000000000417dd8 in dump_isom_scene (file=0x7fffffffe60d "gf_node_get_graph-gf_bifs_flush_command_list/id:001327,sig:11,src:013410+027384,op:splice,rep:2", inName=0x10dc460 <outfile> "gf_node_get_graph-gf_bifs_flush_command_list/id:001327,sig:11,src:013410+027384,op:splice,rep:2", is_final_name=GF_FALSE, dump_mode=GF_SM_DUMP_SVG, do_log=GF_FALSE, no_odf_conv=GF_FALSE) at filedump.c:199
#16 0x0000000000415789 in mp4boxMain (argc=3, argv=0x7fffffffe328) at main.c:6108
#17 0x0000000000417705 in main (argc=3, argv=0x7fffffffe328) at main.c:6560
#18 0x0000000000d0b260 in __libc_start_main ()
#19 0x000000000040211e in _start ()

```
