### ISSUE TITLE
Null Pointer Dereference in gf_node_unregister () at scenegraph/base_scenegraph.c:682

### ISSUE THREAD

**Issue by ZFeiXQ** [gpac/gpac#2036]
Thanks for reporting your issue. Please make sure these boxes are checked before submitting your issue - thank you!

- [x] I looked for a similar issue and couldn't find any.
- [x] I tried with the latest version of GPAC. Installers available at http://gpac.io/downloads/gpac-nightly-builds/
- [x] I give enough information for contributors to reproduce my issue (meaningful title, github labels, platform and compiler, command-line ...). I can share files anonymously with this dropbox: https://www.mediafire.com/filedrop/filedrop_hosted.php?drop=eec9e058a9486fe4e99c33021481d9e1826ca9dbc242a6cfaab0fe95da5e5d95

Detailed guidelines: http://gpac.io/2013/07/16/how-to-file-a-bug-properly/

**Version:**
```
/home/zxq/CVE_testing/source/gpac/bin/gcc/MP4Box -version
MP4Box - GPAC version 1.1.0-DEV-rev1596-g3cc122ad6-master
(c) 2000-2021 Telecom Paris distributed under LGPL v2.1+ - http://gpac.io
	MINI build (encoders, decoders, audio and video output disabled)

Please cite our work in your research:
	GPAC Filters: https://doi.org/10.1145/3339825.3394929
	GPAC: https://doi.org/10.1145/1291233.1291452

GPAC Configuration: --static-mp4box --enable-debug --prefix=/home/zxq/CVE_testing/source/gpac/cmakebuild
Features: GPAC_CONFIG_LINUX GPAC_64_BITS GPAC_HAS_SOCK_UN GPAC_MINIMAL_ODF GPAC_HAS_QJS GPAC_HAS_FREETYPE GPAC_HAS_JPEG GPAC_HAS_PNG  GPAC_DISABLE_3D 

```

**command:**
```
./bin/gcc/MP4Box -svg POC
```
[POC.zip](https://github.com/gpac/gpac/files/7815160/POC.zip)

**Result**
```
Segmentation fault.
```
**bt**
```
Program received signal SIGSEGV, Segmentation fault.
gf_node_unregister (pNode=0x10fc930, parentNode=0x10fcda0) at scenegraph/base_scenegraph.c:682
682		pSG = pNode->sgprivate->scenegraph;
LEGEND: STACK | HEAP | CODE | DATA | RWX | RODATA
──────────────────────────────────────────────────────────────────────────────────────────────────[ REGISTERS ]──────────────────────────────────────────────────────────────────────────────────────────────────
 RAX  0x0
 RBX  0x7
 RCX  0x1
 RDX  0x10fcda0 —▸ 0x10fcdf0 ◂— 0x3000000bf
 RDI  0x10fc930 ◂— 0x0
 RSI  0x10fcda0 —▸ 0x10fcdf0 ◂— 0x3000000bf
 R8   0x0
 R9   0x10fb2e0 ◂— 0xcccccccccccccccc
 R10  0x10cdfa0 (main_arena+96) —▸ 0x10fcf80 ◂— 0x0
 R11  0x10cdfa0 (main_arena+96) —▸ 0x10fcf80 ◂— 0x0
 R12  0xd0bc70 (__libc_csu_fini) ◂— endbr64 
 R13  0x0
 R14  0x10a8018 (_GLOBAL_OFFSET_TABLE_+24) —▸ 0xd82770 (__memmove_avx_unaligned_erms) ◂— endbr64 
 R15  0x0
 RBP  0x7fffffff7b60 —▸ 0x7fffffff7b90 —▸ 0x7fffffff7bc0 —▸ 0x7fffffff7bf0 —▸ 0x7fffffff7c10 ◂— ...
 RSP  0x7fffffff7b20 —▸ 0x10fcda0 —▸ 0x10fcdf0 ◂— 0x3000000bf
 RIP  0x479a2e (gf_node_unregister+66) ◂— mov    rax, qword ptr [rax + 8]
───────────────────────────────────────────────────────────────────────────────────────────────────[ DISASM ]────────────────────────────────────────────────────────────────────────────────────────────────────
 ► 0x479a2e <gf_node_unregister+66>     mov    rax, qword ptr [rax + 8]
   0x479a32 <gf_node_unregister+70>     mov    qword ptr [rbp - 0x28], rax
   0x479a36 <gf_node_unregister+74>     cmp    qword ptr [rbp - 0x40], 0
   0x479a3b <gf_node_unregister+79>     je     gf_node_unregister+284                      <gf_node_unregister+284>
    ↓
   0x479b08 <gf_node_unregister+284>    cmp    qword ptr [rbp - 0x28], 0
   0x479b0d <gf_node_unregister+289>    je     gf_node_unregister+320                      <gf_node_unregister+320>
    ↓
   0x479b2c <gf_node_unregister+320>    mov    rax, qword ptr [rbp - 0x38]
   0x479b30 <gf_node_unregister+324>    mov    rax, qword ptr [rax]
   0x479b33 <gf_node_unregister+327>    movzx  eax, word ptr [rax + 2]
   0x479b37 <gf_node_unregister+331>    test   ax, ax
   0x479b3a <gf_node_unregister+334>    jne    gf_node_unregister+367                      <gf_node_unregister+367>
────────────────────────────────────────────────────────────────────────────────────────────────[ SOURCE (CODE) ]────────────────────────────────────────────────────────────────────────────────────────────────
In file: /home/zxq/CVE_testing/source/gpac/src/scenegraph/base_scenegraph.c
   677 	Bool detach=0;
   678 #endif
   679 	GF_SceneGraph *pSG;
   680 
   681 	if (!pNode) return GF_OK;
 ► 682 	pSG = pNode->sgprivate->scenegraph;
   683 
   684 	if (parentNode) {
   685 		GF_ParentList *nlist = pNode->sgprivate->parents;
   686 		if (nlist) {
   687 			GF_ParentList *prev = NULL;
────────────────────────────────────────────────────────────────────────────────────────────────────[ STACK ]────────────────────────────────────────────────────────────────────────────────────────────────────
00:0000│ rsp 0x7fffffff7b20 —▸ 0x10fcda0 —▸ 0x10fcdf0 ◂— 0x3000000bf
01:0008│     0x7fffffff7b28 —▸ 0x10fc930 ◂— 0x0
02:0010│     0x7fffffff7b30 ◂— 0x0
03:0018│     0x7fffffff7b38 —▸ 0x10a8018 (_GLOBAL_OFFSET_TABLE_+24) —▸ 0xd82770 (__memmove_avx_unaligned_erms) ◂— endbr64 
04:0020│     0x7fffffff7b40 ◂— 0x0
05:0028│     0x7fffffff7b48 —▸ 0x45113c (gf_free+28) ◂— nop    
06:0030│     0x7fffffff7b50 ◂— 0x3333333300000005
07:0038│     0x7fffffff7b58 ◂— 0xbb6ceffaa5509600
──────────────────────────────────────────────────────────────────────────────────────────────────[ BACKTRACE ]──────────────────────────────────────────────────────────────────────────────────────────────────
 ► f 0         0x479a2e gf_node_unregister+66
   f 1         0x47b2d6 gf_node_unregister_children+45
   f 2         0x4eac5b gf_sg_vrml_parent_destroy+70
   f 3         0x4d83d9 Shadow_Del+36
   f 4         0x4dc41d gf_sg_mpeg4_node_del+3288
   f 5         0x47c5ab gf_node_del+461
   f 6         0x479d6d gf_node_unregister+897
   f 7         0x566f32 gf_bifs_dec_node+1888
─────────────────────────────────────────────────────────────────────────────────────────────────────────────────────────────────────────────────────────────────────────────────────────────────────────────────
pwndbg> bt
#0  gf_node_unregister (pNode=0x10fc930, parentNode=0x10fcda0) at scenegraph/base_scenegraph.c:682
#1  0x000000000047b2d6 in gf_node_unregister_children (container=0x10fcda0, child=0x10fce80) at scenegraph/base_scenegraph.c:1369
#2  0x00000000004eac5b in gf_sg_vrml_parent_destroy (pNode=0x10fcda0) at scenegraph/vrml_tools.c:162
#3  0x00000000004d83d9 in Shadow_Del (node=0x10fcda0) at scenegraph/mpeg4_nodes.c:35880
#4  0x00000000004dc41d in gf_sg_mpeg4_node_del (node=0x10fcda0) at scenegraph/mpeg4_nodes.c:38084
#5  0x000000000047c5ab in gf_node_del (node=0x10fcda0) at scenegraph/base_scenegraph.c:1902
#6  0x0000000000479d6d in gf_node_unregister (pNode=0x10fcda0, parentNode=0x0) at scenegraph/base_scenegraph.c:761
#7  0x0000000000566f32 in gf_bifs_dec_node (codec=0x10f97c0, bs=0x10e6c30, NDT_Tag=1) at bifs/field_decode.c:925
#8  0x000000000055cf57 in gf_bifs_dec_proto_list (codec=0x10f97c0, bs=0x10e6c30, proto_list=0x10fbd50) at bifs/com_dec.c:1132
#9  0x000000000055d94a in BD_DecSceneReplace (codec=0x10f97c0, bs=0x10e6c30, proto_list=0x10fbd50) at bifs/com_dec.c:1332
#10 0x000000000056cfe2 in BM_SceneReplace (codec=0x10f97c0, bs=0x10e6c30, com_list=0x10f9b80) at bifs/memory_decoder.c:860
#11 0x000000000056d263 in BM_ParseCommand (codec=0x10f97c0, bs=0x10e6c30, com_list=0x10f9b80) at bifs/memory_decoder.c:908
#12 0x000000000056d725 in gf_bifs_decode_command_list (codec=0x10f97c0, ESID=8, data=0x10f9c00 '\314' <repeats 199 times>, <incomplete sequence \314>..., data_length=8208, com_list=0x10f9b80) at bifs/memory_decoder.c:1011
#13 0x00000000006bf4ae in gf_sm_load_run_isom (load=0x7fffffff88a0) at scene_manager/loader_isom.c:303
#14 0x00000000006a341e in gf_sm_load_run (load=0x7fffffff88a0) at scene_manager/scene_manager.c:719
#15 0x0000000000417e35 in dump_isom_scene (file=0x7fffffffe60d "gf_node_unregister-gf_node_unregister_children/id:000566,sig:11,src:014942+014547,op:splice,rep:16", inName=0x10dc460 <outfile> "gf_node_unregister-gf_node_unregister_children/id:000566,sig:11,src:014942+014547,op:splice,rep:16", is_final_name=GF_FALSE, dump_mode=GF_SM_DUMP_SVG, do_log=GF_FALSE, no_odf_conv=GF_FALSE) at filedump.c:199
#16 0x00000000004157e6 in mp4boxMain (argc=3, argv=0x7fffffffe328) at main.c:6120
#17 0x0000000000417762 in main (argc=3, argv=0x7fffffffe328) at main.c:6572
#18 0x0000000000d0b400 in __libc_start_main ()
#19 0x000000000040211e in _start ()

```
