### ISSUE TITLE
segmentation fault in  gf_node_get_graph()

### ISSUE THREAD

**Issue by HaN4Le** [gpac/gpac#2040]
Thanks for reporting your issue. Please make sure these boxes are checked before submitting your issue - thank you!

- [x] I looked for a similar issue and couldn't find any.
- [x] I tried with the latest version of GPAC. Installers available at http://gpac.io/downloads/gpac-nightly-builds/
- [x] I give enough information for contributors to reproduce my issue (meaningful title, github labels, platform and compiler, command-line ...). I can share files anonymously with this dropbox: https://www.mediafire.com/filedrop/filedrop_hosted.php?drop=eec9e058a9486fe4e99c33021481d9e1826ca9dbc242a6cfaab0fe95da5e5d95

Detailed guidelines: http://gpac.io/2013/07/16/how-to-file-a-bug-properly/

Version:

```shell
/home/hankle/Testing/source/gpac/bin/gcc/MP4Box -version
MP4Box - GPAC version 1.1.0-DEV-rev1615-g9ce097b4a-master
(c) 2000-2021 Telecom Paris distributed under LGPL v2.1+ - http://gpac.io
        MINI build (encoders, decoders, audio and video output disabled)
```

command:

```shell
/home/hankle/Testing/source/gpac/bin/gcc/MP4Box -disox -ttxt -2 -dump-chap-ogg -dump-cover -drtp -bt -out /dev/null poc
```

[poc.zip](https://github.com/gpac/gpac/files/7836711/poc.zip)

bt 

```shell
pwndbg> r -disox -ttxt -2 -dump-chap-ogg -dump-cover -drtp -bt -out /dev/null poc
Starting program: /home/hankle/Testing/source/gpac/bin/gcc/MP4Box -disox -ttxt -2 -dump-chap-ogg -dump-cover -drtp -bt -out /dev/null poc
[Thread debugging using libthread_db enabled]
Using host libthread_db library "/lib/x86_64-linux-gnu/libthread_db.so.1".
[iso file] Unknown box type 7Frl  in parent dref
[iso file] extra box maxr found in hinf, deleting
[iso file] extra box maxr found in hinf, deleting
[iso file] Unknown box type 80rak in parent moov
[iso file] Incomplete box mdat - start 11495 size 853019
[iso file] Incomplete file while reading for dump - aborting parsing
[iso file] Unknown box type 7Frl  in parent dref
[iso file] extra box maxr found in hinf, deleting
[iso file] extra box maxr found in hinf, deleting
[iso file] Unknown box type 80rak in parent moov
[iso file] Incomplete box mdat - start 11495 size 853019
[iso file] Incomplete file while reading for dump - aborting parsing
MPEG-4 BIFS Scene Parsing
[BIFS] name too long 1391 bytes but max size 1000, truncating
[BIFS] name too long 1348 bytes but max size 1000, truncating

Program received signal SIGSEGV, Segmentation fault.
0x000000000047b90c in gf_node_get_graph (node=0x1100490) at scenegraph/base_scenegraph.c:1184
1184            return (node ? node->sgprivate->scenegraph : NULL);
LEGEND: STACK | HEAP | CODE | DATA | RWX | RODATA
──────────────────────────────────────────────────────────────────────────[ REGISTERS ]──────────────────────────────────────────────────────────────────────────
 RAX  0x0
 RBX  0x10f0cd0 ◂— 0x0
 RCX  0x10e2218 ◂— 0x100010001
 RDX  0x0
 RDI  0x1100490 ◂— 0x0
 RSI  0x0
 R8   0x1100430 —▸ 0x10ffa90 —▸ 0x10fed00 —▸ 0x10fed50 ◂— 0x8000000100010075 /* 'u' */
 R9   0x7c
 R10  0x10cffe0 (main_arena+96) —▸ 0x1100670 ◂— 0x0
 R11  0x10cffe0 (main_arena+96) —▸ 0x1100670 ◂— 0x0
 R12  0xd0de10 (__libc_csu_fini) ◂— endbr64 
 R13  0x0
 R14  0x10aa018 (_GLOBAL_OFFSET_TABLE_+24) —▸ 0xd84910 (__memmove_avx_unaligned_erms) ◂— endbr64 
 R15  0x0
 RBP  0x7fffffff7b70 —▸ 0x7fffffff7be0 —▸ 0x7fffffff80b0 —▸ 0x7fffffff8580 —▸ 0x7fffffff85d0 ◂— ...
 RSP  0x7fffffff7b70 —▸ 0x7fffffff7be0 —▸ 0x7fffffff80b0 —▸ 0x7fffffff8580 —▸ 0x7fffffff85d0 ◂— ...
 RIP  0x47b90c (gf_node_get_graph+26) ◂— mov    rax, qword ptr [rax + 8]
───────────────────────────────────────────────────────────────────────────[ DISASM ]────────────────────────────────────────────────────────────────────────────
 ► 0x47b90c <gf_node_get_graph+26>    mov    rax, qword ptr [rax + 8]
   0x47b910 <gf_node_get_graph+30>    jmp    gf_node_get_graph+37                      <gf_node_get_graph+37>
    ↓
   0x47b917 <gf_node_get_graph+37>    pop    rbp
   0x47b918 <gf_node_get_graph+38>    ret    
 
   0x47b919 <gf_sg_find_node>         endbr64 
   0x47b91d <gf_sg_find_node+4>       push   rbp
   0x47b91e <gf_sg_find_node+5>       mov    rbp, rsp
   0x47b921 <gf_sg_find_node+8>       mov    qword ptr [rbp - 0x18], rdi
   0x47b925 <gf_sg_find_node+12>      mov    dword ptr [rbp - 0x1c], esi
   0x47b928 <gf_sg_find_node+15>      mov    rax, qword ptr [rbp - 0x18]
   0x47b92c <gf_sg_find_node+19>      mov    rax, qword ptr [rax + 8]
────────────────────────────────────────────────────────────────────────[ SOURCE (CODE) ]────────────────────────────────────────────────────────────────────────
In file: /home/hankle/Testing/source/gpac/src/scenegraph/base_scenegraph.c
   1179 
   1180 
   1181 GF_EXPORT
   1182 GF_SceneGraph *gf_node_get_graph(GF_Node *node)
   1183 {
 ► 1184         return (node ? node->sgprivate->scenegraph : NULL);
   1185 }
   1186 
   1187 GF_EXPORT
   1188 GF_Node *gf_sg_find_node(GF_SceneGraph *sg, u32 nodeID)
   1189 {
────────────────────────────────────────────────────────────────────────────[ STACK ]────────────────────────────────────────────────────────────────────────────
00:0000│ rbp rsp 0x7fffffff7b70 —▸ 0x7fffffff7be0 —▸ 0x7fffffff80b0 —▸ 0x7fffffff8580 —▸ 0x7fffffff85d0 ◂— ...
01:0008│         0x7fffffff7b78 —▸ 0x56e00b (gf_bifs_flush_command_list+127) ◂— mov    rdx, qword ptr [rbp - 0x58]
02:0010│         0x7fffffff7b80 —▸ 0x7fffffff7ba0 ◂— 0x7fff00000001
03:0018│         0x7fffffff7b88 —▸ 0x10fb640 ◂— 0xfffffff6
04:0020│         0x7fffffff7b90 —▸ 0x10fe3b0 ◂— 0x999
05:0028│         0x7fffffff7b98 ◂— 0xfffffff6010ef050
06:0030│         0x7fffffff7ba0 ◂— 0x7fff00000001
07:0038│         0x7fffffff7ba8 —▸ 0x10fe460 ◂— 0x0
──────────────────────────────────────────────────────────────────────────[ BACKTRACE ]──────────────────────────────────────────────────────────────────────────
 ► f 0         0x47b90c gf_node_get_graph+26
   f 1         0x56e00b gf_bifs_flush_command_list+127
   f 2         0x55dc90 gf_bifs_dec_proto_list+1722
   f 3         0x55dbcf gf_bifs_dec_proto_list+1529
   f 4         0x55e5ff BD_DecSceneReplace+111
   f 5         0x56dc97 BM_SceneReplace+153
   f 6         0x56df18 BM_ParseCommand+216
   f 7         0x56e3da gf_bifs_decode_command_list+307
─────────────────────────────────────────────────────────────────────────────────────────────────────────────────────────────────────────────────────────────────
pwndbg> bt
#0  0x000000000047b90c in gf_node_get_graph (node=0x1100490) at scenegraph/base_scenegraph.c:1184
#1  0x000000000056e00b in gf_bifs_flush_command_list (codec=0x10fb640) at bifs/memory_decoder.c:940
#2  0x000000000055dc90 in gf_bifs_dec_proto_list (codec=0x10fb640, bs=0x10ef050, proto_list=0x0) at bifs/com_dec.c:1146
#3  0x000000000055dbcf in gf_bifs_dec_proto_list (codec=0x10fb640, bs=0x10ef050, proto_list=0x10fdbd0) at bifs/com_dec.c:1125
#4  0x000000000055e5ff in BD_DecSceneReplace (codec=0x10fb640, bs=0x10ef050, proto_list=0x10fdbd0) at bifs/com_dec.c:1332
#5  0x000000000056dc97 in BM_SceneReplace (codec=0x10fb640, bs=0x10ef050, com_list=0x10fba00) at bifs/memory_decoder.c:860
#6  0x000000000056df18 in BM_ParseCommand (codec=0x10fb640, bs=0x10ef050, com_list=0x10fba00) at bifs/memory_decoder.c:908
#7  0x000000000056e3da in gf_bifs_decode_command_list (codec=0x10fb640, ESID=8, data=0x10fba80 '\314' <repeats 115 times>, "̫", '\314' <repeats 82 times>, <incomplete sequence \314>..., data_length=8208, com_list=0x10fba00) at bifs/memory_decoder.c:1011
#8  0x00000000006c0631 in gf_sm_load_run_isom (load=0x7fffffff8830) at scene_manager/loader_isom.c:303
#9  0x00000000006a45a1 in gf_sm_load_run (load=0x7fffffff8830) at scene_manager/scene_manager.c:719
#10 0x0000000000418161 in dump_isom_scene (file=0x7fffffffe616 "gf_node_get_graph-gf_bifs_flush_command_list/poc", inName=0x7fffffffe60c "/dev/null", is_final_name=GF_TRUE, dump_mode=GF_SM_DUMP_BT, do_log=GF_FALSE, no_odf_conv=GF_FALSE) at filedump.c:199
#11 0x0000000000415b12 in mp4boxMain (argc=11, argv=0x7fffffffe2b8) at main.c:6140
#12 0x0000000000417a8e in main (argc=11, argv=0x7fffffffe2b8) at main.c:6592
#13 0x0000000000d0d5a0 in __libc_start_main ()
#14 0x000000000040211e in _start ()
```
