### ISSUE TITLE
Segmentation fault in gf_node_unregister()

### ISSUE THREAD

**Issue by HaN4Le** [gpac/gpac#2041]
Thanks for reporting your issue. Please make sure these boxes are checked before submitting your issue - thank you!

- [x] I looked for a similar issue and couldn't find any.
- [x] I tried with the latest version of GPAC. Installers available at http://gpac.io/downloads/gpac-nightly-builds/
- [x] I give enough information for contributors to reproduce my issue (meaningful title, github labels, platform and compiler, command-line ...). I can share files anonymously with this dropbox: https://www.mediafire.com/filedrop/filedrop_hosted.php?drop=eec9e058a9486fe4e99c33021481d9e1826ca9dbc242a6cfaab0fe95da5e5d95

Detailed guidelines: http://gpac.io/2013/07/16/how-to-file-a-bug-properly/

Version:

```shell
> /home/hankle/Testing/source/gpac/bin/gcc/MP4Box -version
MP4Box - GPAC version 1.1.0-DEV-rev1615-g9ce097b4a-master
(c) 2000-2021 Telecom Paris distributed under LGPL v2.1+ - http://gpac.io
        MINI build (encoders, decoders, audio and video output disabled)
```

Command:

```shell
/home/hankle/Testing/source/gpac/bin/gcc/MP4Box -disox -ttxt -2 -dump-chap-ogg -dump-cover -drtp -bt -out /dev/null poc
```

[poc.zip](https://github.com/gpac/gpac/files/7836859/poc.zip)

bt

```shell
pwndbg> r  -disox -ttxt -2 -dump-chap-ogg -dump-cover -drtp -bt -out /dev/null gf_node_unregister-gf_sg_command_del/id:000865,sig:11,src:002913,op:havoc,rep:4 
Starting program: /home/hankle/Testing/source/gpac/bin/gcc/MP4Box -disox -ttxt -2 -dump-chap-ogg -dump-cover -drtp -bt -out /dev/null gf_node_unregister-gf_sg_command_del/id:000865,sig:11,src:002913,op:havoc,rep:4
[Thread debugging using libthread_db enabled]
Using host libthread_db library "/lib/x86_64-linux-gnu/libthread_db.so.1".
[iso file] extra box maxr found in hinf, deleting
[iso file] extra box maxr found in hinf, deleting
[iso file] Unknown box type 80rak in parent moov
[iso file] Incomplete box mdat - start 11495 size 851655
[iso file] Incomplete file while reading for dump - aborting parsing
[iso file] extra box maxr found in hinf, deleting
[iso file] extra box maxr found in hinf, deleting
[iso file] Unknown box type 80rak in parent moov
[iso file] Incomplete box mdat - start 11495 size 851655
[iso file] Incomplete file while reading for dump - aborting parsing
MPEG-4 LASeR Scene Parsing
[LASeR] sametext coded in bitstream but no text defined !
[MP4 Loading] decoding sample 1 from track ID 8 failed

Program received signal SIGSEGV, Segmentation fault.
0x000000000047a7c8 in gf_node_unregister (pNode=0x10ffab0, parentNode=0x0) at scenegraph/base_scenegraph.c:710
710             if (pSG && (pNode == (GF_Node*)pSG->pOwningProto)) pSG = pSG->parent_scene;
LEGEND: STACK | HEAP | CODE | DATA | RWX | RODATA
──────────────────────────────────────────────────────────────────────────[ REGISTERS ]──────────────────────────────────────────────────────────────────────────
 RAX  0x21
 RBX  0x400788 ◂— 0x0
 RCX  0x0
 RDX  0x0
 RDI  0x10ffab0 —▸ 0x10fe1e0 ◂— 0x0
 RSI  0x0
 R8   0x7
 R9   0x0
 R10  0xffffffd8
 R11  0x246
 R12  0xd0de10 (__libc_csu_fini) ◂— endbr64 
 R13  0x0
 R14  0x10aa018 (_GLOBAL_OFFSET_TABLE_+24) —▸ 0xd84910 (__memmove_avx_unaligned_erms) ◂— endbr64 
 R15  0x0
 RBP  0x7fffffff8200 —▸ 0x7fffffff8270 —▸ 0x7fffffff82c0 —▸ 0x7fffffff8310 —▸ 0x7fffffff8340 ◂— ...
 RSP  0x7fffffff81c0 ◂— 0x0
 RIP  0x47a7c8 (gf_node_unregister+295) ◂— mov    rax, qword ptr [rax + 0xf0]
───────────────────────────────────────────────────────────────────────────[ DISASM ]────────────────────────────────────────────────────────────────────────────
 ► 0x47a7c8 <gf_node_unregister+295>    mov    rax, qword ptr [rax + 0xf0]
   0x47a7cf <gf_node_unregister+302>    cmp    qword ptr [rbp - 0x38], rax
   0x47a7d3 <gf_node_unregister+306>    jne    gf_node_unregister+320                      <gf_node_unregister+320>
    ↓
   0x47a7e1 <gf_node_unregister+320>    mov    rax, qword ptr [rbp - 0x38]
   0x47a7e5 <gf_node_unregister+324>    mov    rax, qword ptr [rax]
   0x47a7e8 <gf_node_unregister+327>    movzx  eax, word ptr [rax + 2]
   0x47a7ec <gf_node_unregister+331>    test   ax, ax
   0x47a7ef <gf_node_unregister+334>    jne    gf_node_unregister+367                      <gf_node_unregister+367>
    ↓
   0x47a810 <gf_node_unregister+367>    mov    rax, qword ptr [rbp - 0x38]
   0x47a814 <gf_node_unregister+371>    mov    rax, qword ptr [rax]
   0x47a817 <gf_node_unregister+374>    movzx  edx, word ptr [rax + 2]
────────────────────────────────────────────────────────────────────────[ SOURCE (CODE) ]────────────────────────────────────────────────────────────────────────
In file: /home/hankle/Testing/source/gpac/src/scenegraph/base_scenegraph.c
   705          }
   706  }
   707 
   708 #ifndef GPAC_DISABLE_VRML
   709  /*if this is a proto its is registered in its parent graph, not the current*/
 ► 710  if (pSG && (pNode == (GF_Node*)pSG->pOwningProto)) pSG = pSG->parent_scene;
   711 #endif
   712 
   713  /*unregister the instance*/
   714  assert(pNode->sgprivate->num_instances);
   715  pNode->sgprivate->num_instances -= 1;
────────────────────────────────────────────────────────────────────────────[ STACK ]────────────────────────────────────────────────────────────────────────────
00:0000│ rsp 0x7fffffff81c0 ◂— 0x0
01:0008│     0x7fffffff81c8 —▸ 0x10ffab0 —▸ 0x10fe1e0 ◂— 0x0
02:0010│     0x7fffffff81d0 ◂— 0xffff81f0
03:0018│     0x7fffffff81d8 ◂— 0x21 /* '!' */
04:0020│     0x7fffffff81e0 ◂— 0x0
05:0028│     0x7fffffff81e8 —▸ 0x10ff9a0 —▸ 0x10ffa50 ◂— 0x0
06:0030│     0x7fffffff81f0 ◂— 0xffff8270
07:0038│     0x7fffffff81f8 ◂— 0x14408f627b5e8700
──────────────────────────────────────────────────────────────────────────[ BACKTRACE ]──────────────────────────────────────────────────────────────────────────
 ► f 0         0x47a7c8 gf_node_unregister+295
   f 1         0x47ecfc gf_sg_command_del+454
   f 2         0x47d18f gf_node_del+252
   f 3         0x47aa22 gf_node_unregister+897
   f 4         0x47bf8b gf_node_unregister_children+45
   f 5         0x47c4fb gf_sg_parent_reset+39
   f 6         0x52bd33 gf_svg_node_del+654
   f 7         0x47d29c gf_node_del+521
─────────────────────────────────────────────────────────────────────────────────────────────────────────────────────────────────────────────────────────────────
pwndbg> bt
#0  0x000000000047a7c8 in gf_node_unregister (pNode=0x10ffab0, parentNode=0x0) at scenegraph/base_scenegraph.c:710
#1  0x000000000047ecfc in gf_sg_command_del (com=0x10ff920) at scenegraph/commands.c:91
#2  0x000000000047d18f in gf_node_del (node=0x10ff850) at scenegraph/base_scenegraph.c:1882
#3  0x000000000047aa22 in gf_node_unregister (pNode=0x10ff850, parentNode=0x10ff660) at scenegraph/base_scenegraph.c:761
#4  0x000000000047bf8b in gf_node_unregister_children (container=0x10ff660, child=0x10ff900) at scenegraph/base_scenegraph.c:1369
#5  0x000000000047c4fb in gf_sg_parent_reset (node=0x10ff660) at scenegraph/base_scenegraph.c:1582
#6  0x000000000052bd33 in gf_svg_node_del (node=0x10ff660) at scenegraph/svg_types.c:125
#7  0x000000000047d29c in gf_node_del (node=0x10ff660) at scenegraph/base_scenegraph.c:1909
#8  0x000000000047aa22 in gf_node_unregister (pNode=0x10ff660, parentNode=0x0) at scenegraph/base_scenegraph.c:761
#9  0x000000000047ecfc in gf_sg_command_del (com=0x10ff530) at scenegraph/commands.c:91
#10 0x000000000047d18f in gf_node_del (node=0x10fe730) at scenegraph/base_scenegraph.c:1882
#11 0x000000000047aa22 in gf_node_unregister (pNode=0x10fe730, parentNode=0x10fe670) at scenegraph/base_scenegraph.c:761
#12 0x000000000047bf8b in gf_node_unregister_children (container=0x10fe670, child=0x10fe7e0) at scenegraph/base_scenegraph.c:1369
#13 0x000000000047c4fb in gf_sg_parent_reset (node=0x10fe670) at scenegraph/base_scenegraph.c:1582
#14 0x000000000052bd33 in gf_svg_node_del (node=0x10fe670) at scenegraph/svg_types.c:125
#15 0x000000000047d29c in gf_node_del (node=0x10fe670) at scenegraph/base_scenegraph.c:1909
#16 0x000000000047aa22 in gf_node_unregister (pNode=0x10fe670, parentNode=0x0) at scenegraph/base_scenegraph.c:761
#17 0x000000000047a0a4 in gf_sg_reset (sg=0x10f0cb0) at scenegraph/base_scenegraph.c:479
#18 0x0000000000479aa5 in gf_sg_del (sg=0x10f0cb0) at scenegraph/base_scenegraph.c:162
#19 0x000000000041827d in dump_isom_scene (file=0x7fffffffe61f "gf_node_unregister-gf_sg_command_del/id:000865,sig:11,src:002913,op:havoc,rep:4", inName=0x7fffffffe615 "/dev/null", is_final_name=GF_TRUE, dump_mode=GF_SM_DUMP_BT, do_log=GF_FALSE, no_odf_conv=GF_FALSE) at filedump.c:217
#20 0x0000000000415b12 in mp4boxMain (argc=11, argv=0x7fffffffe2b8) at main.c:6140
#21 0x0000000000417a8e in main (argc=11, argv=0x7fffffffe2b8) at main.c:6592
#22 0x0000000000d0d5a0 in __libc_start_main ()
#23 0x000000000040211e in _start ()
```
