### ISSUE TITLE
Segmentation fault in gf_sg_find_node()

### ISSUE THREAD

**Issue by HaN4Le** [gpac/gpac#2042]
Thanks for reporting your issue. Please make sure these boxes are checked before submitting your issue - thank you!

- [x] I looked for a similar issue and couldn't find any.
- [x] I tried with the latest version of GPAC. Installers available at http://gpac.io/downloads/gpac-nightly-builds/
- [x] I give enough information for contributors to reproduce my issue (meaningful title, github labels, platform and compiler, command-line ...). I can share files anonymously with this dropbox: https://www.mediafire.com/filedrop/filedrop_hosted.php?drop=eec9e058a9486fe4e99c33021481d9e1826ca9dbc242a6cfaab0fe95da5e5d95

Detailed guidelines: http://gpac.io/2013/07/16/how-to-file-a-bug-properly/

Version:

```shell
> /home/hankle/Testing/source/gpac/bin/gcc/MP4Box -version
MP4Box - GPAC version 1.1.0-DEV-rev1615-g9ce097b4a-master
(c) 2000-2021 Telecom Paris distributed under LGPL v2.1+ - http://gpac.io
        MINI build (encoders, decoders, audio and video output disabled)
```

Command:

```shell
/home/hankle/Testing/source/gpac/bin/gcc/MP4Box -disox -ttxt -2 -dump-chap-ogg -dump-cover -drtp -bt -out /dev/null poc
```

[poc.zip](https://github.com/gpac/gpac/files/7836872/poc.zip)

bt

```shell
pwndbg> r -disox -ttxt -2 -dump-chap-ogg -dump-cover -drtp -bt -out /dev/null poc
Starting program: /home/hankle/Testing/source/gpac/bin/gcc/MP4Box -disox -ttxt -2 -dump-chap-ogg -dump-cover -drtp -bt -out /dev/null poc
[Thread debugging using libthread_db enabled]
Using host libthread_db library "/lib/x86_64-linux-gnu/libthread_db.so.1".
[iso file] Unknown box type 7Frl  in parent dref
[iso file] extra box maxr found in hinf, deleting
[iso file] extra box maxr found in hinf, deleting
[iso file] Unknown box type 80rak in parent moov
[iso file] Box "esds" is larger than container box
[iso file] Box "mp4s" size 68 (start 11335) invalid (read 32784)
[iso file] Incomplete box mdat - start 11495 size 852410
[iso file] Incomplete file while reading for dump - aborting parsing
[iso file] Unknown box type 7Frl  in parent dref
[iso file] extra box maxr found in hinf, deleting
[iso file] extra box maxr found in hinf, deleting
[iso file] Unknown box type 80rak in parent moov
[iso file] Box "esds" is larger than container box
[iso file] Box "mp4s" size 68 (start 11335) invalid (read 32784)
[iso file] Incomplete box mdat - start 11495 size 852410
[iso file] Incomplete file while reading for dump - aborting parsing
MPEG-4 BIFS Scene Parsing
[BIFS] name too long 1439 bytes but max size 1000, truncating
[BIFS] name too long 1315 bytes but max size 1000, truncating

Program received signal SIGSEGV, Segmentation fault.
0x000000000047b93a in gf_sg_find_node (sg=0x10e2210, nodeID=1) at scenegraph/base_scenegraph.c:1192
1192                    if (reg_node->NodeID == nodeID) return reg_node->node;
LEGEND: STACK | HEAP | CODE | DATA | RWX | RODATA
──────────────────────────────────────────────────────────────────────────[ REGISTERS ]──────────────────────────────────────────────────────────────────────────
 RAX  0x200060002
 RBX  0x10efc00 ◂— 0x0
 RCX  0x0
 RDX  0x1
 RDI  0x10e2210 ◂— 0x3000600010007
 RSI  0x1
 R8   0x10fe5a0 ◂— 0x0
 R9   0x1101260 ◂— 0x13e0
 R10  0x10ffe40 ◂— 0x9090909090909090
 R11  0x10cffe0 (main_arena+96) —▸ 0x1101440 ◂— 0x0
 R12  0xd0de10 (__libc_csu_fini) ◂— endbr64 
 R13  0x0
 R14  0x10aa018 (_GLOBAL_OFFSET_TABLE_+24) —▸ 0xd84910 (__memmove_avx_unaligned_erms) ◂— endbr64 
 R15  0x0
 RBP  0x7fffffff7a90 —▸ 0x7fffffff7af0 —▸ 0x7fffffff7b30 —▸ 0x7fffffff7b70 —▸ 0x7fffffff7be0 ◂— ...
 RSP  0x7fffffff7a90 —▸ 0x7fffffff7af0 —▸ 0x7fffffff7b30 —▸ 0x7fffffff7b70 —▸ 0x7fffffff7be0 ◂— ...
 RIP  0x47b93a (gf_sg_find_node+33) ◂— mov    eax, dword ptr [rax + 0x10]
───────────────────────────────────────────────────────────────────────────[ DISASM ]────────────────────────────────────────────────────────────────────────────
 ► 0x47b93a <gf_sg_find_node+33>    mov    eax, dword ptr [rax + 0x10]
   0x47b93d <gf_sg_find_node+36>    cmp    dword ptr [rbp - 0x1c], eax
   0x47b940 <gf_sg_find_node+39>    jne    gf_sg_find_node+51                      <gf_sg_find_node+51>
    ↓
   0x47b94c <gf_sg_find_node+51>    mov    rax, qword ptr [rbp - 8]
   0x47b950 <gf_sg_find_node+55>    mov    rax, qword ptr [rax]
   0x47b953 <gf_sg_find_node+58>    mov    qword ptr [rbp - 8], rax
   0x47b957 <gf_sg_find_node+62>    cmp    qword ptr [rbp - 8], 0
   0x47b95c <gf_sg_find_node+67>    jne    gf_sg_find_node+29                      <gf_sg_find_node+29>
    ↓
   0x47b936 <gf_sg_find_node+29>    mov    rax, qword ptr [rbp - 8]
   0x47b93a <gf_sg_find_node+33>    mov    eax, dword ptr [rax + 0x10]
   0x47b93d <gf_sg_find_node+36>    cmp    dword ptr [rbp - 0x1c], eax
────────────────────────────────────────────────────────────────────────[ SOURCE (CODE) ]────────────────────────────────────────────────────────────────────────
In file: /home/hankle/Testing/source/gpac/src/scenegraph/base_scenegraph.c
   1187 GF_EXPORT
   1188 GF_Node *gf_sg_find_node(GF_SceneGraph *sg, u32 nodeID)
   1189 {
   1190         NodeIDedItem *reg_node = sg->id_node;
   1191         while (reg_node) {
 ► 1192                 if (reg_node->NodeID == nodeID) return reg_node->node;
   1193                 reg_node = reg_node->next;
   1194         }
   1195         return NULL;
   1196 }
   1197 
────────────────────────────────────────────────────────────────────────────[ STACK ]────────────────────────────────────────────────────────────────────────────
00:0000│ rbp rsp 0x7fffffff7a90 —▸ 0x7fffffff7af0 —▸ 0x7fffffff7b30 —▸ 0x7fffffff7b70 —▸ 0x7fffffff7be0 ◂— ...
01:0008│         0x7fffffff7a98 —▸ 0x56c61e (BM_ParseNodeInsert+80) ◂— mov    qword ptr [rbp - 0x20], rax
02:0010│         0x7fffffff7aa0 —▸ 0x7fffffff7ae0 ◂— 0x0
03:0018│         0x7fffffff7aa8 —▸ 0x10fed80 —▸ 0x10fe6d0 ◂— 0x0
04:0020│         0x7fffffff7ab0 —▸ 0x10fe5a0 ◂— 0x0
05:0028│         0x7fffffff7ab8 —▸ 0x10f9e40 ◂— 0x0
06:0030│         0x7fffffff7ac0 ◂— 0x1ffff7af0
07:0038│         0x7fffffff7ac8 —▸ 0x446e8d (gf_bs_read_int+68) ◂— movzx  eax, al
──────────────────────────────────────────────────────────────────────────[ BACKTRACE ]──────────────────────────────────────────────────────────────────────────
 ► f 0         0x47b93a gf_sg_find_node+33
   f 1         0x56c61e BM_ParseNodeInsert+80
   f 2         0x56cf10 BM_ParseInsert+102
   f 3         0x56dec4 BM_ParseCommand+132
   f 4         0x56e08a gf_bifs_flush_command_list+254
   f 5         0x55dc90 gf_bifs_dec_proto_list+1722
   f 6         0x55dbcf gf_bifs_dec_proto_list+1529
   f 7         0x55e5ff BD_DecSceneReplace+111
─────────────────────────────────────────────────────────────────────────────────────────────────────────────────────────────────────────────────────────────────
pwndbg> bt
#0  0x000000000047b93a in gf_sg_find_node (sg=0x10e2210, nodeID=1) at scenegraph/base_scenegraph.c:1192
#1  0x000000000056c61e in BM_ParseNodeInsert (codec=0x10f9e40, bs=0x10fe5a0, com_list=0x10fed80) at bifs/memory_decoder.c:407
#2  0x000000000056cf10 in BM_ParseInsert (codec=0x10f9e40, bs=0x10fe5a0, com_list=0x10fed80) at bifs/memory_decoder.c:577
#3  0x000000000056dec4 in BM_ParseCommand (codec=0x10f9e40, bs=0x10fe5a0, com_list=0x10fed80) at bifs/memory_decoder.c:899
#4  0x000000000056e08a in gf_bifs_flush_command_list (codec=0x10f9e40) at bifs/memory_decoder.c:945
#5  0x000000000055dc90 in gf_bifs_dec_proto_list (codec=0x10f9e40, bs=0x10f19d0, proto_list=0x0) at bifs/com_dec.c:1146
#6  0x000000000055dbcf in gf_bifs_dec_proto_list (codec=0x10f9e40, bs=0x10f19d0, proto_list=0x10fc4f0) at bifs/com_dec.c:1125
#7  0x000000000055e5ff in BD_DecSceneReplace (codec=0x10f9e40, bs=0x10f19d0, proto_list=0x10fc4f0) at bifs/com_dec.c:1332
#8  0x000000000056dc97 in BM_SceneReplace (codec=0x10f9e40, bs=0x10f19d0, com_list=0x10fa2f0) at bifs/memory_decoder.c:860
#9  0x000000000056df18 in BM_ParseCommand (codec=0x10f9e40, bs=0x10f19d0, com_list=0x10fa2f0) at bifs/memory_decoder.c:908
#10 0x000000000056e3da in gf_bifs_decode_command_list (codec=0x10f9e40, ESID=8, data=0x10fa3a0 '\314' <repeats 44 times>, "̴", '\314' <repeats 13 times>, "\301", '\314' <repeats 103 times>, "̫", '\314' <repeats 34 times>, <incomplete sequence \314>..., data_length=8208, com_list=0x10fa2f0) at bifs/memory_decoder.c:1011
#11 0x00000000006c0631 in gf_sm_load_run_isom (load=0x7fffffff8830) at scene_manager/loader_isom.c:303
#12 0x00000000006a45a1 in gf_sm_load_run (load=0x7fffffff8830) at scene_manager/scene_manager.c:719
#13 0x0000000000418161 in dump_isom_scene (file=0x7fffffffe619 "poc", inName=0x7fffffffe60f "/dev/null", is_final_name=GF_TRUE, dump_mode=GF_SM_DUMP_BT, do_log=GF_FALSE, no_odf_conv=GF_FALSE) at filedump.c:199
#14 0x0000000000415b12 in mp4boxMain (argc=11, argv=0x7fffffffe2b8) at main.c:6140
#15 0x0000000000417a8e in main (argc=11, argv=0x7fffffffe2b8) at main.c:6592
#16 0x0000000000d0d5a0 in __libc_start_main ()
#17 0x000000000040211e in _start ()
```

**Comment by jeanlf** [comment]
fixed by fixing #2040, thanks for the poc
