### ISSUE TITLE
runtime error: shift exponent 65283 is too large for 32-bit type 'int' at av_parsers.c:5910

### ISSUE THREAD

**Issue by Janette88** [gpac/gpac#2221]
Thanks for reporting your issue. Please make sure these boxes are checked before submitting your issue - thank you!

- [ ] I looked for a similar issue and couldn't find any.
- [ ] I tried with the latest version of GPAC. Installers available at http://gpac.io/downloads/gpac-nightly-builds/
- [ ] I give enough information for contributors to reproduce my issue (meaningful title, github labels, platform and compiler, command-line ...). I can share files anonymously with this dropbox: https://www.mediafire.com/filedrop/filedrop_hosted.php?drop=eec9e058a9486fe4e99c33021481d9e1826ca9dbc242a6cfaab0fe95da5e5d95

Detailed guidelines: http://gpac.io/2013/07/16/how-to-file-a-bug-properly/

**Description:**
 ` There is a runtime error: shift exponent 65283 is too large for 32-bit type 'int' at av_parsers.c:5910.`

**System info:**
`Ubuntu 20.04 LTS (GNU/Linux 5.13.0-52-generic x86_64)`

**gpac version** 
```
git log
commit fcaa01ebba02426bd79f90ebb24efe8339ac71aa (grafted, HEAD -> master, origin/master, origin/HEAD)
Author: Aurelien David <aurelien.david@telecom-paristech.fr>
Date:   Thu Jun 30 08:45:32 2022 +0200

    fix ead703f for non-window
```

**step to reproduce:**

```
./configure --enable-sanitizer && make -j$(nproc)
./MP4Box -info poc

```
poc :
[poc.zip](https://github.com/gpac/gpac/files/9055090/poc.zip)

**crash output:**
```
[Core] exp-golomb read failed, not enough bits in bitstream !
[AVC|H264] Warning: Error parsing NAL unit
[AVC|H264] Warning: Error parsing NAL unit
[Core] exp-golomb read failed, not enough bits in bitstream !
[AVC|H264] Warning: Error parsing NAL unit
[Core] exp-golomb read failed, not enough bits in bitstream !
media_tools/av_parsers.c:5910:20: runtime error: shift exponent 65283 is too large for 32-bit type 'int'

```
**gdb track**
```
pwndbg> b media_tools/av_parsers.c:5910
Breakpoint 1 at 0x7ffff459ce65: file media_tools/av_parsers.c, line 5910.
pwndbg> r
Starting program: /home/fuzz/gpac2.1/gpac/bin/gcc/MP4Box -info ../../../test/poc33
[Thread debugging using libthread_db enabled]
Using host libthread_db library "/lib/x86_64-linux-gnu/libthread_db.so.1".
[Core] exp-golomb read failed, not enough bits in bitstream !
[AVC|H264] Warning: Error parsing NAL unit
[AVC|H264] Warning: Error parsing NAL unit
[Core] exp-golomb read failed, not enough bits in bitstream !
[AVC|H264] Warning: Error parsing NAL unit
[Core] exp-golomb read failed, not enough bits in bitstream !

Breakpoint 1, avc_compute_poc (si=0x7ffffffe9820) at media_tools/av_parsers.c:5910
5910		max_frame_num = 1 << (si->sps->log2_max_frame_num);
LEGEND: STACK | HEAP | CODE | DATA | RWX | RODATA
────────────────────────────────────────────────────────────────────────────────────────────────────────────────────────────────[ REGISTERS ]─────────────────────────────────────────────────────────────────────────────────────────────────────────────────────────────────
 RAX  0xfffffffd30c ◂— 0x0
 RBX  0x7ffffffe98c0 —▸ 0x7ffffffe98f0 —▸ 0x7ffffffea0e0 —▸ 0x7ffffffea180 —▸ 0x7ffffffea290 ◂— ...
 RCX  0x0
 RDX  0x7ffffffe9860 —▸ 0x62d0000b6f80 —▸ 0x1000000000 ◂— 0x0
 RDI  0x7ffffffe9820 ◂— 0x1400
 RSI  0x62d0000b6f80 —▸ 0x1000000000 ◂— 0x0
 R8   0xffffffff ◂— 0x0
 R9   0xffffffff ◂— 0x0
 R10  0xffffffff ◂— 0x0
 R11  0x0
 R12  0x610000000940 ◂— 0x0
 R13  0x0
 R14  0x7ffffffe9800 ◂— 0x41b58ab3
 R15  0x62d0000b4400 ◂— 0x0
 RBP  0x7ffffffe9760 —▸ 0x7ffffffe98f0 —▸ 0x7ffffffea0e0 —▸ 0x7ffffffea180 —▸ 0x7ffffffea290 ◂— ...
 RSP  0x7ffffffe9740 —▸ 0x610000000940 ◂— 0x0
 RIP  0x7ffff459ce65 (avc_compute_poc+69) ◂— test   sil, 3
──────────────────────────────────────────────────────────────────────────────────────────────────────────────────────────────────[ DISASM ]──────────────────────────────────────────────────────────────────────────────────────────────────────────────────────────────────
 ► 0x7ffff459ce65 <avc_compute_poc+69>     test   sil, 3
   0x7ffff459ce69 <avc_compute_poc+73>     jne    avc_compute_poc+2962                <avc_compute_poc+2962>
 
   0x7ffff459ce6f <avc_compute_poc+79>     lea    rdx, [rsi + 0xc]
   0x7ffff459ce73 <avc_compute_poc+83>     cmp    rsi, -0xc
   0x7ffff459ce77 <avc_compute_poc+87>     jae    avc_compute_poc+2942                <avc_compute_poc+2942>
 
   0x7ffff459ce7d <avc_compute_poc+93>     mov    rax, rdx
   0x7ffff459ce80 <avc_compute_poc+96>     shr    rax, 3
   0x7ffff459ce84 <avc_compute_poc+100>    movzx  ecx, byte ptr [rax + 0x7fff8000]
   0x7ffff459ce8b <avc_compute_poc+107>    mov    rax, rdx
   0x7ffff459ce8e <avc_compute_poc+110>    and    eax, 7
   0x7ffff459ce91 <avc_compute_poc+113>    add    eax, 3
──────────────────────────────────────────────────────────────────────────────────────────────────────────────────────────────[ SOURCE (CODE) ]───────────────────────────────────────────────────────────────────────────────────────────────────────────────────────────────
In file: /home/fuzz/gpac2.1/gpac/src/media_tools/av_parsers.c
   5905 	s32 field_poc[2] = { 0,0 };
   5906 	s32 max_frame_num;
   5907 
   5908 	if (!si->sps) return;
   5909 
 ► 5910 	max_frame_num = 1 << (si->sps->log2_max_frame_num);
   5911 
   5912 	/* picture type */
   5913 	if (si->sps->frame_mbs_only_flag || !si->field_pic_flag) pic_type = AVC_PIC_FRAME;
   5914 	else if (si->bottom_field_flag) pic_type = AVC_PIC_FIELD_BOTTOM;
   5915 	else pic_type = AVC_PIC_FIELD_TOP;
──────────────────────────────────────────────────────────────────────────────────────────────────────────────────────────────────[ STACK ]───────────────────────────────────────────────────────────────────────────────────────────────────────────────────────────────────
00:0000│ rsp 0x7ffffffe9740 —▸ 0x610000000940 ◂— 0x0
01:0008│     0x7ffffffe9748 —▸ 0x7ffffffe98c0 —▸ 0x7ffffffe98f0 —▸ 0x7ffffffea0e0 —▸ 0x7ffffffea180 ◂— ...
02:0010│     0x7ffffffe9750 —▸ 0x610000000940 ◂— 0x0
03:0018│     0x7ffffffe9758 ◂— 0x0
04:0020│ rbp 0x7ffffffe9760 —▸ 0x7ffffffe98f0 —▸ 0x7ffffffea0e0 —▸ 0x7ffffffea180 —▸ 0x7ffffffea290 ◂— ...
05:0028│     0x7ffffffe9768 —▸ 0x7ffff45e2f7e (gf_avc_parse_nalu+5566) ◂— lea    rdi, [r15 + 0x92ec]
06:0030│     0x7ffffffe9770 —▸ 0x7ffffffe98f0 —▸ 0x7ffffffea0e0 —▸ 0x7ffffffea180 —▸ 0x7ffffffea290 ◂— ...
07:0038│     0x7ffffffe9778 —▸ 0x7ffff3def311 (gf_log+353) ◂— mov    eax, dword ptr [rip + 0x378fa29]
────────────────────────────────────────────────────────────────────────────────────────────────────────────────────────────────[ BACKTRACE ]─────────────────────────────────────────────────────────────────────────────────────────────────────────────────────────────────
 ► f 0   0x7ffff459ce65 avc_compute_poc+69
   f 1   0x7ffff45e2f7e gf_avc_parse_nalu+5566
   f 2   0x7ffff50294e9 naludmx_process+2553
   f 3   0x7ffff50294e9 naludmx_process+2553
   f 4   0x7ffff4c0eb6d gf_filter_process_task+3581
   f 5   0x7ffff4bd4953 gf_fs_thread_proc+2275
   f 6   0x7ffff4be0c67 gf_fs_run+455
   f 7   0x7ffff462a677 gf_media_import+10263
─────────────────────────────────────────────────────────
pwndbg> p si->sps->log2_max_frame_num
$1 = 65283
pwndbg> bt
#0  avc_compute_poc (si=0x7ffffffe9820) at media_tools/av_parsers.c:5910
#1  0x00007ffff45e2f7e in gf_avc_parse_nalu (bs=0x610000000940, avc=0x62d0000b4400) at media_tools/av_parsers.c:6055
#2  0x00007ffff50294e9 in naludmx_parse_nal_avc (is_islice=<optimized out>, is_slice=<optimized out>, skip_nal=<optimized out>, nal_type=20, size=2305, data=0x62200000a929 "\024", ctx=0x61b00000d280) at filters/reframe_nalu.c:2620
#3  naludmx_process (filter=<optimized out>) at filters/reframe_nalu.c:3165
#4  0x00007ffff4c0eb6d in gf_filter_process_task (task=0x607000000db0) at filter_core/filter.c:2639
#5  0x00007ffff4bd4953 in gf_fs_thread_proc (sess_thread=sess_thread@entry=0x616000000110) at filter_core/filter_session.c:1857
#6  0x00007ffff4be0c67 in gf_fs_run (fsess=fsess@entry=0x616000000080) at filter_core/filter_session.c:2118
#7  0x00007ffff462a677 in gf_media_import (importer=importer@entry=0x7ffffffeaa60) at media_tools/media_import.c:1226
#8  0x0000555555651a12 in convert_file_info (inName=<optimized out>, track_id=0x555555764fb0 <info_track_id>) at fileimport.c:130
#9  0x000055555562279f in mp4box_main (argc=<optimized out>, argv=<optimized out>) at mp4box.c:6265
#10 0x00007ffff1949083 in __libc_start_main (main=0x5555555f6a00 <main>, argc=3, argv=0x7fffffffe498, init=<optimized out>, fini=<optimized out>, rtld_fini=<optimized out>, stack_end=0x7fffffffe488) at ../csu/libc-start.c:308
#11 0x00005555555f6afe in _start () at mp4box.c:6811
pwndbg> 

```
